[LOG] System::create                           : Header version = 2.01.05. Current version = 2.01.05.
[LOG] Manager::init                            : maxchannels = 256 studioflags = 00000006 flags 00000000 extradriverdata 0000000000000000.
[LOG] SystemI::init                            : Initialize version=20105 (112138), maxchannels=256, flags=0x00020000
[LOG] SystemI::setOutputInternal               : Setting output to 'FMOD WASAPI Output'
[LOG] OutputWASAPI::init                       : Mix Format (WAVEFORMATEX): wFormatTag=0xFFFE, nChannels=2, nSamplesPerSec=48000, nAvgBytesPerSec=384000, nBlockAlign=8, wBitsPerSample=32, cbSize=22.
[LOG] OutputWASAPI::init                       : Mix Format (WAVEFORMATEXTENSIBLE): wValidBitsPerSample=32, dwChannelMask=0x00000003, SubFormat=00000003-0000-0010-8000-00AA00389B71.
[LOG] OutputWASAPI::init                       : Output buffer size: 4096 samples, latency: 0.00ms, period: 10.00ms, DSP buffer: 1024 * 4
[LOG] Thread::initThread                       : Init FMOD stream thread. Affinity: 0x8000000000000003, Priority: 0xFFFF7FFB, Stack Size: 98304, Semaphore: No, Sleep Time: 10, Looping: Yes.
[LOG] Thread::initThread                       : Init FMOD mixer thread. Affinity: 0x8000000000000001, Priority: 0xFFFF7FFA, Stack Size: 81920, Semaphore: No, Sleep Time: 0, Looping: Yes.
[LOG] AsyncManager::init                       : manager 000002147D34A4B8 isAsync 0 updatePeriod 0.02
[LOG] AsyncManager::init                       : done
[LOG] PlaybackSystem::init                     : 
[LOG] Thread::initThread                       : Init FMOD Studio sample load thread. Affinity: 0x8000000000000003, Priority: 0xFFFF7FFD, Stack Size: 98304, Semaphore: No, Sleep Time: 1, Looping: No.
[LOG] PlaybackSystem::init                     : done
[LOG] Thread::initThread                       : Init FMOD Studio bank load thread. Affinity: 0x8000000000000003, Priority: 0xFFFF7FFD, Stack Size: 98304, Semaphore: No, Sleep Time: 1, Looping: No.
[LOG] Manager::init                            : done.
[LOG] Manager::readBank                        : fileversion = 135, compatVersion = 132 (oldest = 44, newest = 135)
[LOG] Manager::readBank                        : fileversion = 135, compatVersion = 132 (oldest = 44, newest = 135)
[LOG] SystemI::createSoundInternal             : Create name='', mode=0x02000202
[LOG] SystemI::createSoundInternal             : exinfo->cbsize             = 224
[LOG] SystemI::createSoundInternal             : exinfo->length             = 6843232
[LOG] SystemI::createSoundInternal             : exinfo->fileoffset         = 55456
[LOG] SystemI::createSoundInternal             : exinfo->numsubsounds       = 1
[LOG] SystemI::createSoundInternal             : exinfo->inclusionlist      = 000000CA8B7BF5D8
[LOG] SystemI::createSoundInternal             : exinfo->inclusionlistnum   = 1
[LOG] SystemI::createSoundInternal             : exinfo->suggestedsoundtype = 5
[LOG] SystemI::createSoundInternal             : exinfo->useropen           = 00007FFB1DD17E30
[LOG] SystemI::createSoundInternal             : exinfo->userclose          = 00007FFB1DD17E00
[LOG] SystemI::createSoundInternal             : exinfo->userread           = 00007FFB1DD17F00
[LOG] SystemI::createSoundInternal             : exinfo->userseek           = 00007FFB1DD17FC0
[LOG] SystemI::createSoundInternal             : exinfo->fileuserdata       = 000002134869D7B8
[LOG] SystemI::createSoundInternal             : exinfo->initialseekpostype = 1
[LOG] SystemI::DSPCodecPoolRegister            : register codec pool for pool type 5
[LOG] SystemI::createSoundInternal             : Sample 0/1: name='Car Start', format=5, channels=1, frequency=48000, lengthbytes=21248, lengthpcm=118042, pcmblocksize=0, loopstart=0, loopend=0, mode=0x00000000, channelmask=0x00000000, channelorder=0, peakvolume=0.392029.
[LOG] SoundI::release                          : Deathrace battle music (Good) (0000021347B30AB8)
[LOG] SoundI::release                          :     Deathrace battle music (Good) (000002147D423E48)
[LOG] SoundI::release                          :     Deathrace battle music (Good) (0000021347B319E8)
[LOG] SystemI::createSoundInternal             : Create name='', mode=0x02000202
[LOG] SystemI::createSoundInternal             : exinfo->cbsize             = 224
[LOG] SystemI::createSoundInternal             : exinfo->length             = 6843232
[LOG] SystemI::createSoundInternal             : exinfo->fileoffset         = 55456
[LOG] SystemI::createSoundInternal             : exinfo->numsubsounds       = 1
[LOG] SystemI::createSoundInternal             : exinfo->inclusionlist      = 000000CA8B7BF5D8
[LOG] SystemI::createSoundInternal             : exinfo->inclusionlistnum   = 1
[LOG] SystemI::createSoundInternal             : exinfo->suggestedsoundtype = 5
[LOG] SystemI::createSoundInternal             : exinfo->useropen           = 00007FFB1DD17E30
[LOG] SystemI::createSoundInternal             : exinfo->userclose          = 00007FFB1DD17E00
[LOG] SystemI::createSoundInternal             : exinfo->userread           = 00007FFB1DD17F00
[LOG] SystemI::createSoundInternal             : exinfo->userseek           = 00007FFB1DD17FC0
[LOG] SystemI::createSoundInternal             : exinfo->fileuserdata       = 00000213474F3B88
[LOG] SystemI::createSoundInternal             : exinfo->initialseekpostype = 1
[LOG] SystemI::DSPCodecPoolRegister            : register codec pool for pool type 5
[LOG] SystemI::createSoundInternal             : Sample 0/1: name='Minigun Overheat', format=5, channels=1, frequency=48000, lengthbytes=12736, lengthpcm=72563, pcmblocksize=0, loopstart=0, loopend=0, mode=0x00000000, channelmask=0x00000000, channelorder=0, peakvolume=0.119415.
[LOG] SystemI::createSoundInternal             : Create name='', mode=0x02000202
[LOG] SystemI::createSoundInternal             : exinfo->cbsize             = 224
[LOG] SystemI::createSoundInternal             : exinfo->length             = 6843232
[LOG] SystemI::createSoundInternal             : exinfo->fileoffset         = 55456
[LOG] SystemI::createSoundInternal             : exinfo->numsubsounds       = 1
[LOG] SystemI::createSoundInternal             : exinfo->inclusionlist      = 000000CA8B7BF5D8
[LOG] SystemI::createSoundInternal             : exinfo->inclusionlistnum   = 1
[LOG] SystemI::createSoundInternal             : exinfo->suggestedsoundtype = 5
[LOG] SystemI::createSoundInternal             : exinfo->useropen           = 00007FFB1DD17E30
[LOG] SystemI::createSoundInternal             : exinfo->userclose          = 00007FFB1DD17E00
[LOG] SystemI::createSoundInternal             : exinfo->userread           = 00007FFB1DD17F00
[LOG] SystemI::createSoundInternal             : exinfo->userseek           = 00007FFB1DD17FC0
[LOG] SystemI::createSoundInternal             : exinfo->fileuserdata       = 00000213474F3B88
[LOG] SystemI::createSoundInternal             : exinfo->initialseekpostype = 1
[LOG] SystemI::DSPCodecPoolRegister            : register codec pool for pool type 5
[LOG] SystemI::createSoundInternal             : Sample 0/1: name='Gun Loop', format=5, channels=2, frequency=48000, lengthbytes=2272, lengthpcm=5808, pcmblocksize=0, loopstart=0, loopend=0, mode=0x00000000, channelmask=0x00000000, channelorder=0, peakvolume=0.997070.
[LOG] SystemI::createSoundInternal             : Create name='', mode=0x02000202
[LOG] SystemI::createSoundInternal             : exinfo->cbsize             = 224
[LOG] SystemI::createSoundInternal             : exinfo->length             = 6843232
[LOG] SystemI::createSoundInternal             : exinfo->fileoffset         = 55456
[LOG] SystemI::createSoundInternal             : exinfo->numsubsounds       = 1
[LOG] SystemI::createSoundInternal             : exinfo->inclusionlist      = 000000CA8B7BF5D8
[LOG] SystemI::createSoundInternal             : exinfo->inclusionlistnum   = 1
[LOG] SystemI::createSoundInternal             : exinfo->suggestedsoundtype = 5
[LOG] SystemI::createSoundInternal             : exinfo->useropen           = 00007FFB1DD17E30
[LOG] SystemI::createSoundInternal             : exinfo->userclose          = 00007FFB1DD17E00
[LOG] SystemI::createSoundInternal             : exinfo->userread           = 00007FFB1DD17F00
[LOG] SystemI::createSoundInternal             : exinfo->userseek           = 00007FFB1DD17FC0
[LOG] SystemI::createSoundInternal             : exinfo->fileuserdata       = 00000213474F3B88
[LOG] SystemI::createSoundInternal             : exinfo->initialseekpostype = 1
[LOG] SystemI::DSPCodecPoolRegister            : register codec pool for pool type 5
[LOG] SystemI::createSoundInternal             : Sample 0/1: name='Gun Loop stopped', format=5, channels=2, frequency=48000, lengthbytes=20000, lengthpcm=69782, pcmblocksize=0, loopstart=0, loopend=0, mode=0x00000000, channelmask=0x00000000, channelorder=0, peakvolume=0.215790.
[LOG] SystemI::createSound                     : filename = FMOD\Chaos Riders\Build\Desktop/Master.bank : mode 02010082
[LOG] SystemI::createSound                     : FMOD_NONBLOCKING specified.  Putting into queue to be opened asynchronously!
[LOG] SystemI::createSound                     : setdata soundi = 0000021351DB93E8 : node = 00000214AE826580
[LOG] SystemI::createSound                     : add node to async list : head = 0000021351D64948.  list count = 0
[LOG] AsyncThread::threadFunc                  : Starting Asynchronous operation on sound 0000021351DB93E8
[LOG] SystemI::createSoundInternal             :     Create name='FMOD\Chaos Riders\Build\Desktop/Master.bank', mode=0x02010082
[LOG] SystemI::createSoundInternal             :     exinfo->cbsize             = 224
[LOG] SystemI::createSoundInternal             :     exinfo->length             = 6843232
[LOG] SystemI::createSoundInternal             :     exinfo->fileoffset         = 55456
[LOG] SystemI::createSoundInternal             :     exinfo->numsubsounds       = 1
[LOG] SystemI::createSoundInternal             :     exinfo->inclusionlist      = 00000214AE826690
[LOG] SystemI::createSoundInternal             :     exinfo->inclusionlistnum   = 1
[LOG] SystemI::createSoundInternal             :     exinfo->suggestedsoundtype = 5
[LOG] SystemI::createSoundInternal             :     exinfo->initialseekpostype = 1
[LOG] SystemI::createSoundInternal             :     Stream 0/1: name='Opening2', format=5, channels=2, frequency=48000, lengthbytes=300384, lengthpcm=1045733, pcmblocksize=0, loopstart=0, loopend=0, mode=0x00000000, channelmask=0x00000000, channelorder=0, peakvolume=0.999969.
[LOG] AsyncThread::threadFunc                  : Finished Asynchronous operation on sound 0000021351DB93E8
[LOG] SystemI::createSoundInternal             : Create name='', mode=0x02000202
[LOG] SystemI::createSoundInternal             : exinfo->cbsize             = 224
[LOG] SystemI::createSoundInternal             : exinfo->length             = 6843232
[LOG] SystemI::createSoundInternal             : exinfo->fileoffset         = 55456
[LOG] SystemI::createSoundInternal             : exinfo->numsubsounds       = 1
[LOG] SystemI::createSoundInternal             : exinfo->inclusionlist      = 000000CA8B7BF5D8
[LOG] SystemI::createSoundInternal             : exinfo->inclusionlistnum   = 1
[LOG] SystemI::createSoundInternal             : exinfo->suggestedsoundtype = 5
[LOG] SystemI::createSoundInternal             : exinfo->useropen           = 00007FFB1DD17E30
[LOG] SystemI::createSoundInternal             : exinfo->userclose          = 00007FFB1DD17E00
[LOG] SystemI::createSoundInternal             : exinfo->userread           = 00007FFB1DD17F00
[LOG] SystemI::createSoundInternal             : exinfo->userseek           = 00007FFB1DD17FC0
[LOG] SystemI::createSoundInternal             : exinfo->fileuserdata       = 0000021348690558
[LOG] SystemI::createSoundInternal             : exinfo->initialseekpostype = 1
[LOG] SystemI::DSPCodecPoolRegister            : register codec pool for pool type 5
[LOG] SystemI::createSoundInternal             : Sample 0/1: name='Bass-Drum-Hit-Level-2a-www.fesliyanstudios.com', format=5, channels=2, frequency=48000, lengthbytes=8512, lengthpcm=65664, pcmblocksize=0, loopstart=0, loopend=0, mode=0x00000000, channelmask=0x00000000, channelorder=0, peakvolume=0.428223.
[LOG] SoundI::release                          :  (000002135210CBF8)
[LOG] SoundI::release                          :     528730__alexhanj__ping (000002143416B7A8)
[LOG] SoundI::release                          :  (000002135210D328)
[LOG] SoundI::release                          :     click 1 (000002143416B608)
[LOG] SoundI::release                          :  (00000212D50E0838)
[LOG] SoundI::release                          :     click 2 (000002143416B128)
[LOG] SoundI::release                          :  (0000021434056BA8)
[LOG] SoundI::release                          :     click 3 (000002143416BAE8)
[LOG] SoundI::release                          :  (000002135210CD68)
[LOG] SoundI::release                          :     click 4 (000002143416B948)
[LOG] SoundI::release                          :  (000002135210CA88)
[LOG] SoundI::release                          :     Car Start (00000213660379A8)
[LOG] SoundI::release                          :  (0000021434056A38)
[LOG] SoundI::release                          :     Skid (000002143416B2C8)
[LOG] SoundI::release                          : Opening2 (0000021351DB93E8)
[LOG] SoundI::release                          :     Opening2 (0000021144E36F88)
[LOG] SoundI::release                          :     Opening2 (0000021352061188)
[LOG] SoundI::release                          :  (0000021347C08348)
[LOG] SoundI::release                          :     Hiss2 (000002143416A288)
[LOG] SoundI::release                          :  (000002135210DD38)
[LOG] SoundI::release                          :     engine rev 2 (000002143416A0E8)
[LOG] SoundI::release                          :  (0000021365D776F8)
[LOG] SoundI::release                          :     eeeeeeeeeee (000002143416ADE8)
[LOG] SoundI::release                          :  (000002135210C1E8)
[LOG] SoundI::release                          :     Deeper car loop (000002143416A768)
[LOG] SoundI::release                          :  (000002135210C7A8)
[LOG] SoundI::release                          :     Engine Rumble Loop (000002143416BC88)
[LOG] SoundI::release                          :  (000002135210DBC8)
[LOG] SoundI::release                          :     Lion Loop (000002143416B468)
[LOG] SoundI::release                          :  (000002135210D8E8)
[LOG] SoundI::release                          :     Gun Loop stopped (00000213446DB0A8)
[LOG] SoundI::release                          :  (000002135210D1B8)
[LOG] SoundI::release                          :     Minigun Overheat (00000213446DC0E8)
[LOG] SoundI::release                          :  (000002135210D778)
[LOG] SoundI::release                          :     Gun Loop (00000213446DC908)
[LOG] SoundI::release                          :  (0000021347C08908)
[LOG] SoundI::release                          :     Bass-Drum-Hit-Level-2a-www.fesliyanstudios.com (0000021344AF94D8)
[LOG] Thread::callback                         : FMOD Studio update thread finished.
[LOG] Thread::callback                         : FMOD Studio bank load thread finished.
[LOG] Profile::disconnectAll                   : Profiler disconnecting all clients
[LOG] Thread::callback                         : FMOD Studio sample load thread finished.
[LOG] LiveUpdate::release                      : 
[LOG] LiveUpdate::reset                        : Reset connection (reason Disconnected)
[LOG] Thread::callback                         : FMOD stream thread finished.
[LOG] Thread::callback                         : FMOD mixer thread finished.
[LOG] Profile::disconnectAll                   : Profiler disconnecting all clients
[LOG] SystemI::close                           : Closed.
[LOG] Thread::callback                         : FMOD Studio bank load thread finished.
[LOG] Thread::callback                         : FMOD Studio sample load thread finished.
[LOG] LiveUpdate::release                      : 
[LOG] LiveUpdate::reset                        : Reset connection (reason Disconnected)
[LOG] Thread::callback                         : FMOD stream thread finished.
[LOG] Thread::callback                         : FMOD mixer thread finished.
[LOG] SystemI::close                           : Closed.
[LOG] Thread::callback                         : FMOD nonblocking thread (0) finished.
[LOG] Thread::callback                         : FMOD file thread finished.
